<?xml version="1.0" encoding="UTF-8"?>
<!-- Generated by org.testng.reporters.JUnitXMLReporter -->
<testsuite hostname="GISAHOO-IN" ignored="0" name="Default test" tests="4" failures="0" timestamp="06 Aug 2017 18:29:20 GMT" time="64.088" errors="0">
  <testcase name="Run" time="21.273" classname="com.guru99.banking.Guru99_Bank_Main"/>
  <testcase name="Run" time="12.753" classname="com.guru99.banking.Guru99_Bank_Main"/>
  <testcase name="Run" time="14.302" classname="com.guru99.banking.Guru99_Bank_Main"/>
  <testcase name="Run" time="14.82" classname="com.guru99.banking.Guru99_Bank_Main"/>
</testsuite> <!-- Default test -->
