<?xml version="1.0" encoding="UTF-8"?>
<testng-results skipped="0" failed="0" ignored="0" total="4" passed="4">
  <reporter-output>
  </reporter-output>
  <suite name="Default suite" duration-ms="64088" started-at="2017-08-06T18:28:15Z" finished-at="2017-08-06T18:29:20Z">
    <groups>
    </groups>
    <test name="Default test" duration-ms="64088" started-at="2017-08-06T18:28:15Z" finished-at="2017-08-06T18:29:20Z">
      <class name="com.guru99.banking.Guru99_Bank_Main">
        <test-method status="PASS" signature="Run(java.lang.String, java.lang.String)[pri:0, instance:com.guru99.banking.Guru99_Bank_Main@5dfcfece]" name="Run" duration-ms="21273" started-at="2017-08-06T23:58:16Z" data-provider="Gurutest" finished-at="2017-08-06T23:58:38Z">
          <params>
            <param index="0">
              <value>
                <![CDATA[mngr91177]]>
              </value>
            </param>
            <param index="1">
              <value>
                <![CDATA[amymyqa]]>
              </value>
            </param>
          </params>
          <reporter-output>
          </reporter-output>
        </test-method> <!-- Run -->
        <test-method status="PASS" signature="Run(java.lang.String, java.lang.String)[pri:0, instance:com.guru99.banking.Guru99_Bank_Main@5dfcfece]" name="Run" duration-ms="12753" started-at="2017-08-06T23:58:38Z" data-provider="Gurutest" finished-at="2017-08-06T23:58:50Z">
          <params>
            <param index="0">
              <value>
                <![CDATA[mngr91177]]>
              </value>
            </param>
            <param index="1">
              <value>
                <![CDATA[xxxxx]]>
              </value>
            </param>
          </params>
          <reporter-output>
          </reporter-output>
        </test-method> <!-- Run -->
        <test-method status="PASS" signature="Run(java.lang.String, java.lang.String)[pri:0, instance:com.guru99.banking.Guru99_Bank_Main@5dfcfece]" name="Run" duration-ms="14302" started-at="2017-08-06T23:58:50Z" data-provider="Gurutest" finished-at="2017-08-06T23:59:05Z">
          <params>
            <param index="0">
              <value>
                <![CDATA[yyyyy]]>
              </value>
            </param>
            <param index="1">
              <value>
                <![CDATA[amymyqa]]>
              </value>
            </param>
          </params>
          <reporter-output>
          </reporter-output>
        </test-method> <!-- Run -->
        <test-method status="PASS" signature="Run(java.lang.String, java.lang.String)[pri:0, instance:com.guru99.banking.Guru99_Bank_Main@5dfcfece]" name="Run" duration-ms="14820" started-at="2017-08-06T23:59:05Z" data-provider="Gurutest" finished-at="2017-08-06T23:59:20Z">
          <params>
            <param index="0">
              <value>
                <![CDATA[xxxxx]]>
              </value>
            </param>
            <param index="1">
              <value>
                <![CDATA[yyyyy]]>
              </value>
            </param>
          </params>
          <reporter-output>
          </reporter-output>
        </test-method> <!-- Run -->
      </class> <!-- com.guru99.banking.Guru99_Bank_Main -->
    </test> <!-- Default test -->
  </suite> <!-- Default suite -->
</testng-results>
